<?xml version="1.0" encoding="UTF-8"?>
<!-- Generated by org.testng.reporters.JUnitReportReporter -->
<testsuite hostname="DESKTOP-GPQ1HG5" failures="0" tests="2" name="scripts.Simpletest" time="0.081" errors="0" timestamp="2023-11-17T17:49:39 CST" skipped="0">
  <testcase classname="scripts.Simpletest" name="getTitle" time="0.028"/>
  <system-out/>
  <testcase classname="scripts.Simpletest" name="checkMenuitem1" time="0.053"/>
  <system-out/>
</testsuite> <!-- scripts.Simpletest -->
