<?xml version="1.0" encoding="UTF-8"?>
<!-- Generated by org.testng.reporters.JUnitReportReporter -->
<testsuite hostname="DESKTOP-GPQ1HG5" failures="0" tests="3" name="scripts.Simpletest" time="0.122" errors="0" timestamp="2023-11-17T19:26:15 CST" skipped="0">
  <testcase classname="scripts.Simpletest" name="getTitle" time="0.039"/>
  <system-out/>
  <testcase classname="scripts.Simpletest" name="checkMenuitem1" time="0.049"/>
  <system-out/>
  <testcase classname="scripts.Simpletest" name="checkbodyMsg" time="0.034"/>
  <system-out/>
</testsuite> <!-- scripts.Simpletest -->
