<?xml version="1.0" encoding="UTF-8"?>
<!-- Generated by org.testng.reporters.JUnitReportReporter -->
<testsuite hostname="DESKTOP-GPQ1HG5" failures="0" tests="3" name="scripts.Simpletest" time="0.152" errors="0" timestamp="2023-11-18T09:44:39 CST" skipped="0">
  <testcase classname="scripts.Simpletest" name="getTitle" time="0.033"/>
  <system-out/>
  <testcase classname="scripts.Simpletest" name="checkMenuitem1" time="0.074"/>
  <system-out/>
  <testcase classname="scripts.Simpletest" name="checkbodyMsg" time="0.045"/>
  <system-out/>
</testsuite> <!-- scripts.Simpletest -->
